<?xml version="1.0" encoding="UTF-8"?>
<!-- Generated by org.testng.reporters.JUnitReportReporter -->
<testsuite hostname="MKOKANE10A" failures="0" tests="2" name="com.prjct.qa.testcases.LoginpageTest" time="8.200" errors="0" timestamp="2024-08-15T13:31:14 IST" skipped="0">
  <testcase classname="com.prjct.qa.testcases.LoginpageTest" name="loginpagetitletest" time="3.749"/>
  <testcase classname="com.prjct.qa.testcases.LoginpageTest" name="loginTest" time="4.451"/>
</testsuite> <!-- com.prjct.qa.testcases.LoginpageTest -->
