<?xml version="1.0" encoding="UTF-8"?>
<!-- Generated by org.testng.reporters.JUnitReportReporter -->
<testsuite hostname="MKOKANE10A" failures="0" tests="8" name="com.prjct.qa.testcases.HomepageTest" time="117.837" errors="0" timestamp="2024-08-15T13:31:14 IST" skipped="0">
  <testcase classname="com.prjct.qa.testcases.HomepageTest" name="verifySelfserviceReportingPageLable" time="19.251"/>
  <testcase classname="com.prjct.qa.testcases.HomepageTest" name="verifyUtilitiesPageLable" time="17.161"/>
  <testcase classname="com.prjct.qa.testcases.HomepageTest" name="verifyInventoryMaintainancePageLable" time="12.508"/>
  <testcase classname="com.prjct.qa.testcases.HomepageTest" name="verifyInboundPageLable" time="15.465"/>
  <testcase classname="com.prjct.qa.testcases.HomepageTest" name="verifyUsersandGroupsPageLable" time="18.004"/>
  <testcase classname="com.prjct.qa.testcases.HomepageTest" name="verifyOutboundPageLable" time="12.872"/>
  <testcase classname="com.prjct.qa.testcases.HomepageTest" name="clickVerifyFavoritesPageLable" time="18.310"/>
  <testcase classname="com.prjct.qa.testcases.HomepageTest" name="verifytitlepageTest" time="4.266"/>
</testsuite> <!-- com.prjct.qa.testcases.HomepageTest -->
