<?xml version="1.0" encoding="UTF-8"?>
<!-- Generated by org.testng.reporters.JUnitReportReporter -->
<testsuite hostname="MKOKANE10A" failures="0" tests="2" name="com.prjct.qa.testcases.LoginpageTest" time="35.958" errors="0" timestamp="2024-08-15T16:38:27 IST" skipped="0">
  <testcase classname="com.prjct.qa.testcases.LoginpageTest" name="loginpagetitletest" time="21.915"/>
  <testcase classname="com.prjct.qa.testcases.LoginpageTest" name="loginTest" time="14.043"/>
</testsuite> <!-- com.prjct.qa.testcases.LoginpageTest -->
